C:\USERS\WINDOWS7\DOCUMENTS\GITHUB\ANIMALSINRUN\ANIMALSINRUN\ANIMALSINRUNCLIENT\DEBUG\CLIENT.OBJ
C:\USERS\WINDOWS7\DOCUMENTS\GITHUB\ANIMALSINRUN\ANIMALSINRUN\ANIMALSINRUNCLIENT\DEBUG\MAIN.OBJ
C:\USERS\WINDOWS7\DOCUMENTS\GITHUB\ANIMALSINRUN\ANIMALSINRUN\ANIMALSINRUNCLIENT\DEBUG\VC110.PDB
C:\USERS\WINDOWS7\DOCUMENTS\GITHUB\ANIMALSINRUN\ANIMALSINRUN\DEBUG\ANIMALSINRUNCLIENT.ILK
C:\USERS\WINDOWS7\DOCUMENTS\GITHUB\ANIMALSINRUN\ANIMALSINRUN\DEBUG\ANIMALSINRUNCLIENT.EXE
C:\USERS\WINDOWS7\DOCUMENTS\GITHUB\ANIMALSINRUN\ANIMALSINRUN\DEBUG\ANIMALSINRUNCLIENT.PDB
C:\Users\Windows7\Documents\GitHub\AnimalsInRun\AnimalsInRun\AnimalsInRunClient\Debug\Client.obj
C:\Users\Windows7\Documents\GitHub\AnimalsInRun\AnimalsInRun\AnimalsInRunClient\Debug\main.obj
C:\Users\Windows7\Documents\GitHub\AnimalsInRun\AnimalsInRun\AnimalsInRunClient\Debug\cl.command.1.tlog
C:\Users\Windows7\Documents\GitHub\AnimalsInRun\AnimalsInRun\AnimalsInRunClient\Debug\CL.read.1.tlog
C:\Users\Windows7\Documents\GitHub\AnimalsInRun\AnimalsInRun\AnimalsInRunClient\Debug\CL.write.1.tlog
C:\Users\Windows7\Documents\GitHub\AnimalsInRun\AnimalsInRun\AnimalsInRunClient\Debug\link-cvtres.read.1.tlog
C:\Users\Windows7\Documents\GitHub\AnimalsInRun\AnimalsInRun\AnimalsInRunClient\Debug\link-cvtres.write.1.tlog
C:\Users\Windows7\Documents\GitHub\AnimalsInRun\AnimalsInRun\AnimalsInRunClient\Debug\link-rc.read.1.tlog
C:\Users\Windows7\Documents\GitHub\AnimalsInRun\AnimalsInRun\AnimalsInRunClient\Debug\link-rc.write.1.tlog
C:\Users\Windows7\Documents\GitHub\AnimalsInRun\AnimalsInRun\AnimalsInRunClient\Debug\link.49800-cvtres.read.1.tlog
C:\Users\Windows7\Documents\GitHub\AnimalsInRun\AnimalsInRun\AnimalsInRunClient\Debug\link.49800-cvtres.write.1.tlog
C:\Users\Windows7\Documents\GitHub\AnimalsInRun\AnimalsInRun\AnimalsInRunClient\Debug\link.49800-rc.read.1.tlog
C:\Users\Windows7\Documents\GitHub\AnimalsInRun\AnimalsInRun\AnimalsInRunClient\Debug\link.49800-rc.write.1.tlog
C:\Users\Windows7\Documents\GitHub\AnimalsInRun\AnimalsInRun\AnimalsInRunClient\Debug\link.49800.read.1.tlog
C:\Users\Windows7\Documents\GitHub\AnimalsInRun\AnimalsInRun\AnimalsInRunClient\Debug\link.49800.write.1.tlog
C:\Users\Windows7\Documents\GitHub\AnimalsInRun\AnimalsInRun\AnimalsInRunClient\Debug\link.command.1.tlog
C:\Users\Windows7\Documents\GitHub\AnimalsInRun\AnimalsInRun\AnimalsInRunClient\Debug\link.read.1.tlog
C:\Users\Windows7\Documents\GitHub\AnimalsInRun\AnimalsInRun\AnimalsInRunClient\Debug\link.write.1.tlog
C:\Users\Windows7\Documents\GitHub\AnimalsInRun\AnimalsInRun\AnimalsInRunClient\Debug\vc110.idb
C:\Users\Windows7\Documents\GitHub\AnimalsInRun\AnimalsInRun\AnimalsInRunClient\Debug\vc110.pdb
C:\Users\Windows7\Documents\GitHub\AnimalsInRun\AnimalsInRun\Debug\AnimalsInRunClient.pdb
C:\Users\Windows7\Documents\GitHub\AnimalsInRun\AnimalsInRun\Debug\AnimalsInRunClient.exe
C:\Users\Windows7\Documents\GitHub\AnimalsInRun\AnimalsInRun\Debug\AnimalsInRunClient.ilk
